#
# There is insufficient memory for the Java Runtime Environment to continue.
# Native memory allocation (mmap) failed to map 130023424 bytes. Error detail: G1 virtual space
# Possible reasons:
#   The system is out of physical RAM or swap space
#   This process is running with CompressedOops enabled, and the Java Heap may be blocking the growth of the native heap
# Possible solutions:
#   Reduce memory load on the system
#   Increase physical memory or swap space
#   Check if swap backing store is full
#   Decrease Java heap size (-Xmx/-Xms)
#   Decrease number of Java threads
#   Decrease Java thread stack sizes (-Xss)
#   Set larger code cache with -XX:ReservedCodeCacheSize=
#   JVM is running with Unscaled Compressed Oops mode in which the Java heap is
#     placed in the first 4GB address space. The Java Heap base address is the
#     maximum limit for the native heap growth. Please use -XX:HeapBaseMinAddress
#     to set the Java Heap base and to place the Java Heap above 4GB virtual address.
# This output file may be truncated or incomplete.
#
#  Out of Memory Error (os_windows.cpp:3613), pid=16000, tid=17776
#
# JRE version:  (17.0.11+9) (build )
# Java VM: OpenJDK 64-Bit Server VM (17.0.11+9-LTS, mixed mode, emulated-client, sharing, tiered, compressed oops, compressed class ptrs, g1 gc, windows-amd64)
# No core dump will be written. Minidumps are not enabled by default on client versions of Windows
#

---------------  S U M M A R Y ------------

Command Line: -XX:TieredStopAtLevel=1 -Dspring.output.ansi.enabled=always -Dcom.sun.management.jmxremote -Dspring.jmx.enabled=true -Dspring.liveBeansView.mbeanDomain -Dspring.application.admin.enabled=true -Dmanagement.endpoints.jmx.exposure.include=* -javaagent:C:\Program Files\JetBrains\IntelliJ IDEA 2024.2\lib\idea_rt.jar=62904:C:\Program Files\JetBrains\IntelliJ IDEA 2024.2\bin -Dfile.encoding=UTF-8 org.example.sem4_project_api.Sem4ProjectApiApplication

Host: 11th Gen Intel(R) Core(TM) i5-1135G7 @ 2.40GHz, 8 cores, 7G,  Windows 11 , 64 bit Build 22621 (10.0.22621.3672)
Time: Tue Aug  6 12:43:35 2024 SE Asia Standard Time elapsed time: 0.016077 seconds (0d 0h 0m 0s)

---------------  T H R E A D  ---------------

Current thread (0x000002b50f9567d0):  JavaThread "Unknown thread" [_thread_in_vm, id=17776, stack(0x000000f366f00000,0x000000f367000000)]

Stack: [0x000000f366f00000,0x000000f367000000]
Native frames: (J=compiled Java code, j=interpreted, Vv=VM code, C=native code)
V  [jvm.dll+0x67d009]
V  [jvm.dll+0x83489a]
V  [jvm.dll+0x83635e]
V  [jvm.dll+0x8369c3]
V  [jvm.dll+0x2479df]
V  [jvm.dll+0x679e49]
V  [jvm.dll+0x66e8ba]
V  [jvm.dll+0x30755b]
V  [jvm.dll+0x30ea06]
V  [jvm.dll+0x35e40e]
V  [jvm.dll+0x35e63f]
V  [jvm.dll+0x2de298]
V  [jvm.dll+0x2df204]
V  [jvm.dll+0x806221]
V  [jvm.dll+0x36c161]
V  [jvm.dll+0x7e4c56]
V  [jvm.dll+0x3ef9cf]
V  [jvm.dll+0x3f1521]
C  [jli.dll+0x528f]
C  [ucrtbase.dll+0x29333]
C  [KERNEL32.DLL+0x1257d]
C  [ntdll.dll+0x5af28]


---------------  P R O C E S S  ---------------

Threads class SMR info:
_java_thread_list=0x00007ff8555deed8, length=0, elements={
}

Java Threads: ( => current thread )

Other Threads:
  0x000002b50f9af8a0 GCTaskThread "GC Thread#0" [stack: 0x000000f367000000,0x000000f367100000] [id=4456]
  0x000002b50f9bfe70 ConcurrentGCThread "G1 Main Marker" [stack: 0x000000f367100000,0x000000f367200000] [id=11532]
  0x000002b50f9c1030 ConcurrentGCThread "G1 Conc#0" [stack: 0x000000f367200000,0x000000f367300000] [id=4800]

[error occurred during error reporting (printing all threads), id 0xc0000005, EXCEPTION_ACCESS_VIOLATION (0xc0000005) at pc=0x00007ff854d9ecd7]

VM state: not at safepoint (not fully initialized)

VM Mutex/Monitor currently owned by a thread:  ([mutex/lock_event])
[0x000002b50f952810] Heap_lock - owner thread: 0x000002b50f9567d0

Heap address: 0x0000000084c00000, size: 1972 MB, Compressed Oops mode: 32-bit

CDS archive(s) mapped at: [0x0000000000000000-0x0000000000000000-0x0000000000000000), size 0, SharedBaseAddress: 0x0000000800000000, ArchiveRelocationMode: 1.
Narrow klass base: 0x0000000000000000, Narrow klass shift: 0, Narrow klass range: 0x0

GC Precious Log:
<Empty>

Heap:
 garbage-first heap   total 0K, used 0K [0x0000000084c00000, 0x0000000100000000)
  region size 1024K, 0 young (0K), 0 survivors (0K)

[error occurred during error reporting (printing heap information), id 0xc0000005, EXCEPTION_ACCESS_VIOLATION (0xc0000005) at pc=0x00007ff855186d29]

GC Heap History (0 events):
No events

Dll operation events (1 events):
Event: 0.012 Loaded shared library C:\Users\ASUS\.jdks\corretto-17.0.11\bin\java.dll

Deoptimization events (0 events):
No events

Classes unloaded (0 events):
No events

Classes redefined (0 events):
No events

Internal exceptions (0 events):
No events

VM Operations (0 events):
No events

Events (0 events):
No events


Dynamic libraries:
0x00007ff67f360000 - 0x00007ff67f36e000 	C:\Users\ASUS\.jdks\corretto-17.0.11\bin\java.exe
0x00007ff8ac850000 - 0x00007ff8aca67000 	C:\WINDOWS\SYSTEM32\ntdll.dll
0x00007ff8aab30000 - 0x00007ff8aabf4000 	C:\WINDOWS\System32\KERNEL32.DLL
0x00007ff8aa080000 - 0x00007ff8aa42d000 	C:\WINDOWS\System32\KERNELBASE.dll
0x00007ff8a9ee0000 - 0x00007ff8a9ff1000 	C:\WINDOWS\System32\ucrtbase.dll
0x00007ff89f970000 - 0x00007ff89f987000 	C:\Users\ASUS\.jdks\corretto-17.0.11\bin\jli.dll
0x00007ff8a0ad0000 - 0x00007ff8a0aeb000 	C:\Users\ASUS\.jdks\corretto-17.0.11\bin\VCRUNTIME140.dll
0x00007ff8aae40000 - 0x00007ff8aafee000 	C:\WINDOWS\System32\USER32.dll
0x00007ff8a9d90000 - 0x00007ff8a9db6000 	C:\WINDOWS\System32\win32u.dll
0x00007ff8974e0000 - 0x00007ff897773000 	C:\WINDOWS\WinSxS\amd64_microsoft.windows.common-controls_6595b64144ccf1df_6.0.22621.3672_none_2713b9d173822955\COMCTL32.dll
0x00007ff8ac6c0000 - 0x00007ff8ac6e9000 	C:\WINDOWS\System32\GDI32.dll
0x00007ff8abcf0000 - 0x00007ff8abd97000 	C:\WINDOWS\System32\msvcrt.dll
0x00007ff8a9dc0000 - 0x00007ff8a9ed9000 	C:\WINDOWS\System32\gdi32full.dll
0x00007ff8a9cf0000 - 0x00007ff8a9d8a000 	C:\WINDOWS\System32\msvcp_win.dll
0x00007ff8aaad0000 - 0x00007ff8aab01000 	C:\WINDOWS\System32\IMM32.DLL
0x00007ff8a2410000 - 0x00007ff8a241c000 	C:\Users\ASUS\.jdks\corretto-17.0.11\bin\vcruntime140_1.dll
0x00007ff878b20000 - 0x00007ff878bad000 	C:\Users\ASUS\.jdks\corretto-17.0.11\bin\msvcp140.dll
0x00007ff854ab0000 - 0x00007ff855712000 	C:\Users\ASUS\.jdks\corretto-17.0.11\bin\server\jvm.dll
0x00007ff8ab5b0000 - 0x00007ff8ab662000 	C:\WINDOWS\System32\ADVAPI32.dll
0x00007ff8abdb0000 - 0x00007ff8abe59000 	C:\WINDOWS\System32\sechost.dll
0x00007ff8aa4a0000 - 0x00007ff8aa4c8000 	C:\WINDOWS\System32\bcrypt.dll
0x00007ff8ac6f0000 - 0x00007ff8ac804000 	C:\WINDOWS\System32\RPCRT4.dll
0x00007ff8a93d0000 - 0x00007ff8a941d000 	C:\WINDOWS\SYSTEM32\POWRPROF.dll
0x00007ff884850000 - 0x00007ff884859000 	C:\WINDOWS\SYSTEM32\WSOCK32.dll
0x00007ff8aaff0000 - 0x00007ff8ab061000 	C:\WINDOWS\System32\WS2_32.dll
0x00007ff89f280000 - 0x00007ff89f2b4000 	C:\WINDOWS\SYSTEM32\WINMM.dll
0x00007ff8a8820000 - 0x00007ff8a882a000 	C:\WINDOWS\SYSTEM32\VERSION.dll
0x00007ff8a93b0000 - 0x00007ff8a93c3000 	C:\WINDOWS\SYSTEM32\UMPDC.dll
0x00007ff8a8bb0000 - 0x00007ff8a8bc8000 	C:\WINDOWS\SYSTEM32\kernel.appcore.dll
0x00007ff8a0b70000 - 0x00007ff8a0b7a000 	C:\Users\ASUS\.jdks\corretto-17.0.11\bin\jimage.dll
0x00007ff8a7240000 - 0x00007ff8a7472000 	C:\WINDOWS\SYSTEM32\DBGHELP.DLL
0x00007ff8aa5f0000 - 0x00007ff8aa978000 	C:\WINDOWS\System32\combase.dll
0x00007ff8aac00000 - 0x00007ff8aacd7000 	C:\WINDOWS\System32\OLEAUT32.dll
0x00007ff893380000 - 0x00007ff8933b2000 	C:\WINDOWS\SYSTEM32\dbgcore.DLL
0x00007ff8aa000000 - 0x00007ff8aa07b000 	C:\WINDOWS\System32\bcryptPrimitives.dll
0x00007ff8a0ac0000 - 0x00007ff8a0ace000 	C:\Users\ASUS\.jdks\corretto-17.0.11\bin\instrument.dll
0x00007ff89d170000 - 0x00007ff89d195000 	C:\Users\ASUS\.jdks\corretto-17.0.11\bin\java.dll

dbghelp: loaded successfully - version: 4.0.5 - missing functions: none
symbol engine: initialized successfully - sym options: 0x614 - pdb path: .;C:\Users\ASUS\.jdks\corretto-17.0.11\bin;C:\WINDOWS\SYSTEM32;C:\WINDOWS\WinSxS\amd64_microsoft.windows.common-controls_6595b64144ccf1df_6.0.22621.3672_none_2713b9d173822955;C:\Users\ASUS\.jdks\corretto-17.0.11\bin\server

VM Arguments:
jvm_args: -XX:TieredStopAtLevel=1 -Dspring.output.ansi.enabled=always -Dcom.sun.management.jmxremote -Dspring.jmx.enabled=true -Dspring.liveBeansView.mbeanDomain -Dspring.application.admin.enabled=true -Dmanagement.endpoints.jmx.exposure.include=* -javaagent:C:\Program Files\JetBrains\IntelliJ IDEA 2024.2\lib\idea_rt.jar=62904:C:\Program Files\JetBrains\IntelliJ IDEA 2024.2\bin -Dfile.encoding=UTF-8 
java_command: org.example.sem4_project_api.Sem4ProjectApiApplication
java_class_path (initial): D:\Lâm\sem4_project_api\target\classes;C:\Users\ASUS\.m2\repository\org\springframework\boot\spring-boot-starter-data-jpa\3.3.2\spring-boot-starter-data-jpa-3.3.2.jar;C:\Users\ASUS\.m2\repository\org\springframework\boot\spring-boot-starter-aop\3.3.2\spring-boot-starter-aop-3.3.2.jar;C:\Users\ASUS\.m2\repository\org\aspectj\aspectjweaver\1.9.22.1\aspectjweaver-1.9.22.1.jar;C:\Users\ASUS\.m2\repository\org\springframework\boot\spring-boot-starter-jdbc\3.3.2\spring-boot-starter-jdbc-3.3.2.jar;C:\Users\ASUS\.m2\repository\com\zaxxer\HikariCP\5.1.0\HikariCP-5.1.0.jar;C:\Users\ASUS\.m2\repository\org\springframework\spring-jdbc\6.1.11\spring-jdbc-6.1.11.jar;C:\Users\ASUS\.m2\repository\org\hibernate\orm\hibernate-core\6.5.2.Final\hibernate-core-6.5.2.Final.jar;C:\Users\ASUS\.m2\repository\jakarta\persistence\jakarta.persistence-api\3.1.0\jakarta.persistence-api-3.1.0.jar;C:\Users\ASUS\.m2\repository\jakarta\transaction\jakarta.transaction-api\2.0.1\jakarta.transaction-api-2.0.1.jar;C:\Users\ASUS\.m2\repository\org\jboss\logging\jboss-logging\3.5.3.Final\jboss-logging-3.5.3.Final.jar;C:\Users\ASUS\.m2\repository\org\hibernate\common\hibernate-commons-annotations\6.0.6.Final\hibernate-commons-annotations-6.0.6.Final.jar;C:\Users\ASUS\.m2\repository\io\smallrye\jandex\3.1.2\jandex-3.1.2.jar;C:\Users\ASUS\.m2\repository\com\fasterxml\classmate\1.7.0\classmate-1.7.0.jar;C:\Users\ASUS\.m2\repository\net\bytebuddy\byte-buddy\1.14.18\byte-buddy-1.14.18.jar;C:\Users\ASUS\.m2\repository\org\glassfish\jaxb\jaxb-runtime\4.0.5\jaxb-runtime-4.0.5.jar;C:\Users\ASUS\.m2\repository\org\glassfish\jaxb\jaxb-core\4.0.5\jaxb-core-4.0.5.jar;C:\Users\ASUS\.m2\repository\org\eclipse\angus\angus-activation\2.0.2\angus-activation-2.0.2.jar;C:\Users\ASUS\.m2\repository\org\glassfish\jaxb\txw2\4.0.5\txw2-4.0.5.jar;C:\Users\ASUS\.m2\repository\com\sun\istack\istack-commons-runtime\4.1.2\istack-commons-runtime-4.1.2.jar;C:\Users\ASUS\.m2\repository\jakarta\inject\jakarta.
Launcher Type: SUN_STANDARD

[Global flags]
     intx CICompilerCount                          = 4                                         {product} {ergonomic}
     uint ConcGCThreads                            = 2                                         {product} {ergonomic}
     uint G1ConcRefinementThreads                  = 8                                         {product} {ergonomic}
   size_t G1HeapRegionSize                         = 1048576                                   {product} {ergonomic}
    uintx GCDrainStackTargetSize                   = 64                                        {product} {ergonomic}
   size_t InitialHeapSize                          = 130023424                                 {product} {ergonomic}
     bool ManagementServer                         = true                                      {product} {command line}
   size_t MarkStackSize                            = 4194304                                   {product} {ergonomic}
   size_t MaxHeapSize                              = 2067791872                                {product} {ergonomic}
   size_t MinHeapDeltaBytes                        = 1048576                                   {product} {ergonomic}
   size_t MinHeapSize                              = 8388608                                   {product} {ergonomic}
    uintx NonProfiledCodeHeapSize                  = 0                                      {pd product} {ergonomic}
     bool ProfileInterpreter                       = false                                  {pd product} {command line}
    uintx ProfiledCodeHeapSize                     = 0                                      {pd product} {ergonomic}
   size_t SoftMaxHeapSize                          = 2067791872                             {manageable} {ergonomic}
     intx TieredStopAtLevel                        = 1                                         {product} {command line}
     bool UseCompressedClassPointers               = true                           {product lp64_product} {ergonomic}
     bool UseCompressedOops                        = true                           {product lp64_product} {ergonomic}
     bool UseG1GC                                  = true                                      {product} {ergonomic}
     bool UseLargePagesIndividualAllocation        = false                                  {pd product} {ergonomic}

Logging:
Log output configuration:
 #0: stdout all=warning uptime,level,tags
 #1: stderr all=off uptime,level,tags

Environment Variables:
PATH=C:\Program Files\Eclipse Adoptium\jdk-11.0.24.8-hotspot\bin;C:\WINDOWS\system32;C:\WINDOWS;C:\WINDOWS\System32\Wbem;C:\WINDOWS\System32\WindowsPowerShell\v1.0\;C:\WINDOWS\System32\OpenSSH\;C:\Program Files (x86)\Microsoft SQL Server\90\Tools\binn\;C:\Program Files (x86)\Microsoft SQL Server\150\DTS\Binn\;C:\Program Files\Azure Data Studio\bin;C:\Program Files\Microsoft SQL Server\150\Tools\Binn\;C:\Program Files\Git\cmd;C:\Program Files\nodejs\;C:\Program Files (x86)\Microsoft SQL Server\160\Tools\Binn\;C:\Program Files\Microsoft SQL Server\160\Tools\Binn\;C:\Program Files\Microsoft SQL Server\Client SDK\ODBC\170\Tools\Binn\;C:\Program Files\Microsoft SQL Server\160\DTS\Binn\;C:\Program Files (x86)\Microsoft SQL Server\160\DTS\Binn\;C:\Program Files\dotnet\;C:\Users\ASUS\AppData\Local\Microsoft\WindowsApps;C:\Program Files\Azure Data Studio\bin;C:\Users\ASUS\AppData\Local\Programs\Fiddler;C:\Users\ASUS\AppData\Local\Microsoft\WindowsApps;C:\Users\ASUS\AppData\Local\GitHubDesktop\bin;C:\Users\ASUS\AppData\Roaming\npm;C:\Users\ASUS\AppData\Local\Programs\Microsoft VS Code\bin;C:\Users\ASUS\.dotnet\tools;D:\Lâm\dart\dartsdk-windows-x64-release\dart-sdk\bin;
USERNAME=ASUS
OS=Windows_NT
PROCESSOR_IDENTIFIER=Intel64 Family 6 Model 140 Stepping 1, GenuineIntel
TMP=C:\Users\ASUS\AppData\Local\Temp
TEMP=C:\Users\ASUS\AppData\Local\Temp



Periodic native trim disabled


---------------  S Y S T E M  ---------------

OS:
 Windows 11 , 64 bit Build 22621 (10.0.22621.3672)
OS uptime: 4 days 0:41 hours

CPU: total 8 (initial active 8) (4 cores per cpu, 2 threads per core) family 6 model 140 stepping 1 microcode 0x86, cx8, cmov, fxsr, ht, mmx, 3dnowpref, sse, sse2, sse3, ssse3, sse4.1, sse4.2, popcnt, lzcnt, tsc, tscinvbit, avx, avx2, aes, erms, clmul, bmi1, bmi2, adx, avx512f, avx512dq, avx512cd, avx512bw, avx512vl, sha, fma, vzeroupper, avx512_vpopcntdq, avx512_vpclmulqdq, avx512_vaes, avx512_vnni, clflush, clflushopt, clwb, avx512_vbmi2, avx512_vbmi
Processor Information for all 8 processors :
  Max Mhz: 2419, Current Mhz: 2419, Mhz Limit: 2419

Memory: 4k page, system-wide physical 7885M (510M free)
TotalPageFile size 19030M (AvailPageFile size 54M)
current process WorkingSet (physical memory assigned to process): 12M, peak: 12M
current process commit charge ("private bytes"): 55M, peak: 179M

vm_info: OpenJDK 64-Bit Server VM (17.0.11+9-LTS) for windows-amd64 JRE (17.0.11+9-LTS), built on Apr 10 2024 22:12:24 by "Administrator" with MS VC++ 16.10 / 16.11 (VS2019)

END.
